<?xml version="1.0" encoding="UTF-8"?>
<testsuite xmlns:xsi="http://www.w3.org/2001/XMLSchema-instance" xsi:noNamespaceSchemaLocation="https://maven.apache.org/surefire/maven-surefire-plugin/xsd/surefire-test-report-3.0.xsd" version="3.0" name="testRunner.TestRun" time="91.987" tests="3" errors="0" skipped="0" failures="0">
  <properties>
[...]
</properties>
  <testcase name="Successful Login" classname="Login" time="35.82">
    <system-err><![CDATA[Dec 21, 2024 7:49:49 AM org.openqa.selenium.manager.SeleniumManager lambda$runCommand$1
WARNING: The geckodriver version (0.31.0) detected in PATH at geckodriver.EXE might not be compatible with the detected firefox version (133.0.3.387); currently, geckodriver 0.35.0 is recommended for firefox 133.*, so it is advised to delete the driver in PATH and retry
Dec 21, 2024 7:50:04 AM org.openqa.selenium.firefox.FirefoxDriver <init>
WARNING: CDP support for Firefox is deprecated and will be removed in future versions. Please switch to WebDriver BiDi.
]]></system-err>
  </testcase>
  <testcase name="Successful Login" classname="Login" time="29.346">
    <system-err><![CDATA[Dec 21, 2024 7:50:24 AM org.openqa.selenium.manager.SeleniumManager lambda$runCommand$1
WARNING: The geckodriver version (0.31.0) detected in PATH at geckodriver.EXE might not be compatible with the detected firefox version (133.0.3.387); currently, geckodriver 0.35.0 is recommended for firefox 133.*, so it is advised to delete the driver in PATH and retry
Dec 21, 2024 7:50:34 AM org.openqa.selenium.firefox.FirefoxDriver <init>
WARNING: CDP support for Firefox is deprecated and will be removed in future versions. Please switch to WebDriver BiDi.
]]></system-err>
  </testcase>
  <testcase name="Successful Login" classname="Login" time="25.465">
    <system-err><![CDATA[Dec 21, 2024 7:50:54 AM org.openqa.selenium.manager.SeleniumManager lambda$runCommand$1
WARNING: The geckodriver version (0.31.0) detected in PATH at geckodriver.EXE might not be compatible with the detected firefox version (133.0.3.387); currently, geckodriver 0.35.0 is recommended for firefox 133.*, so it is advised to delete the driver in PATH and retry
Dec 21, 2024 7:51:03 AM org.openqa.selenium.firefox.FirefoxDriver <init>
WARNING: CDP support for Firefox is deprecated and will be removed in future versions. Please switch to WebDriver BiDi.
]]></system-err>
  </testcase>
</testsuite>