<?xml version="1.0" encoding="UTF-8" ?>
<testsuite tests="5" failures="0" name="testRunner.TestRun" time="112.707" errors="0" skipped="0">
  <properties>
[...]
</properties>
  <testcase classname="Login" name="Successful Login" time="27.684"/>
  <testcase classname="Login" name="Successful Login" time="22.832"/>
  <testcase classname="Login" name="Successful Login" time="21.694"/>
  <testcase classname="Login" name="Successful Login with Valid Credentials" time="21.069"/>
  <testcase classname="Login" name="Successful Login with Valid Credentials" time="19.428"/>
</testsuite>